<?xml version="1.0" encoding="UTF-8"?>
<!-- Generated by org.testng.reporters.JUnitReportReporter -->
<testsuite hostname="DESKTOP-P4BNBKS" failures="0" tests="1" name="test.PricingCalculatorTest" time="23.747" errors="0" timestamp="13 Jan 2024 15:05:54 GMT" skipped="0">
  <testcase classname="test.PricingCalculatorTest" name="openMainPageAndSearch" time="23.747"/>
</testsuite> <!-- test.PricingCalculatorTest -->
