<?xml version="1.0" encoding="UTF-8"?>
<!-- Generated by org.testng.reporters.JUnitReportReporter -->
<testsuite hostname="DESKTOP-P4BNBKS" failures="0" tests="1" name="Test.SearchFieldTest" time="18.385" errors="0" timestamp="2023-10-27T12:05:42 GET" skipped="0">
  <testcase classname="Test.SearchFieldTest" name="trueIsTrue" time="18.385"/>
  <system-out/>
</testsuite> <!-- Test.SearchFieldTest -->
