<?xml version="1.0" encoding="UTF-8"?>
<!-- Generated by org.testng.reporters.JUnitReportReporter -->
<testsuite hostname="DESKTOP-P4BNBKS" failures="0" tests="2" name="test.PricingCalculatorTest" time="76.464" errors="0" timestamp="2023-12-27T15:16:44 GET" skipped="0">
  <testcase classname="test.PricingCalculatorTest" name="openMainPageAndSearch" time="16.212"/>
  <system-out/>
  <testcase classname="test.PricingCalculatorTest" name="verifyTotalEstimatedMonthlyCost" time="60.252"/>
  <system-out/>
</testsuite> <!-- test.PricingCalculatorTest -->
