<?xml version="1.0" encoding="UTF-8"?>
<!-- Generated by org.testng.reporters.JUnitReportReporter -->
<testsuite hostname="DESKTOP-P4BNBKS" failures="0" tests="1" name="Test.SearchFieldTest" time="18.448" errors="0" timestamp="2023-10-26T19:28:15 GET" skipped="0">
  <testcase classname="Test.SearchFieldTest" name="trueIsTrue" time="18.448"/>
  <system-out/>
</testsuite> <!-- Test.SearchFieldTest -->
